<?xml version="1.0" encoding="UTF-8"?>
<!-- Generated by org.testng.reporters.JUnitReportReporter -->
<testsuite hostname="AnandIT" failures="0" tests="6" name="pom.KeywordsTestNGpractice" time="0.042" errors="0" timestamp="2024-04-19T16:49:29 IST" skipped="0">
  <testcase classname="pom.KeywordsTestNGpractice" name="test3" time="0.007"/>
  <system-out/>
  <testcase classname="pom.KeywordsTestNGpractice" name="test3" time="0.003"/>
  <system-out/>
  <testcase classname="pom.KeywordsTestNGpractice" name="test2" time="0.001"/>
  <system-out/>
  <testcase classname="pom.KeywordsTestNGpractice" name="test4" time="0.012"/>
  <system-out/>
  <testcase classname="pom.KeywordsTestNGpractice" name="test4" time="0.017"/>
  <system-out/>
  <testcase classname="pom.KeywordsTestNGpractice" name="test1" time="0.002"/>
  <system-out/>
</testsuite> <!-- pom.KeywordsTestNGpractice -->
